[01m[K/home/nim/bebop_ws/src/bebop_autonomy/bebop_control/src/bebop_control.cpp:51:12:[m[K [01;35m[Kwarning: [m[Kmissing terminating " character
   ROS_INFO("HOME);
[01;32m[K            ^[m[K
[01m[K/home/nim/bebop_ws/src/bebop_autonomy/bebop_control/src/bebop_control.cpp:73:0:[m[K [01;31m[Kerror: [m[Kunterminated argument list invoking macro "ROS_INFO"
 }
[01;32m[K ^[m[K
[01m[K/home/nim/bebop_ws/src/bebop_autonomy/bebop_control/src/bebop_control.cpp:[m[K In function ‘[01m[Kint main(int, char**)[m[K’:
[01m[K/home/nim/bebop_ws/src/bebop_autonomy/bebop_control/src/bebop_control.cpp:46:28:[m[K [01;31m[Kerror: [m[Kno matching function for call to ‘[01m[Kros::Duration::sleep(int)[m[K’
   ros::Duration::sleep(3000); // time check
[01;32m[K                            ^[m[K
In file included from [01m[K/opt/ros/kinetic/include/ros/time.h:57:0[m[K,
                 from [01m[K/opt/ros/kinetic/include/ros/ros.h:38[m[K,
                 from [01m[K/home/nim/bebop_ws/src/bebop_autonomy/bebop_control/src/bebop_control.cpp:1[m[K:
[01m[K/opt/ros/kinetic/include/ros/duration.h:125:8:[m[K [01;36m[Knote: [m[Kcandidate: bool ros::Duration::sleep() const
   bool sleep() const;
[01;32m[K        ^[m[K
[01m[K/opt/ros/kinetic/include/ros/duration.h:125:8:[m[K [01;36m[Knote: [m[K  candidate expects 0 arguments, 1 provided
[01m[K/home/nim/bebop_ws/src/bebop_autonomy/bebop_control/src/bebop_control.cpp:49:29:[m[K [01;31m[Kerror: [m[Kno matching function for call to ‘[01m[Kros::Duration::sleep(int)[m[K’
   ros::Duration::sleep(10000);
[01;32m[K                             ^[m[K
In file included from [01m[K/opt/ros/kinetic/include/ros/time.h:57:0[m[K,
                 from [01m[K/opt/ros/kinetic/include/ros/ros.h:38[m[K,
                 from [01m[K/home/nim/bebop_ws/src/bebop_autonomy/bebop_control/src/bebop_control.cpp:1[m[K:
[01m[K/opt/ros/kinetic/include/ros/duration.h:125:8:[m[K [01;36m[Knote: [m[Kcandidate: bool ros::Duration::sleep() const
   bool sleep() const;
[01;32m[K        ^[m[K
[01m[K/opt/ros/kinetic/include/ros/duration.h:125:8:[m[K [01;36m[Knote: [m[K  candidate expects 0 arguments, 1 provided
[01m[K/home/nim/bebop_ws/src/bebop_autonomy/bebop_control/src/bebop_control.cpp:51:3:[m[K [01;31m[Kerror: [m[K‘[01m[KROS_INFO[m[K’ was not declared in this scope
   ROS_INFO("HOME);
[01;32m[K   ^[m[K
[01m[K/home/nim/bebop_ws/src/bebop_autonomy/bebop_control/src/bebop_control.cpp:51:3:[m[K [01;31m[Kerror: [m[Kexpected ‘[01m[K}[m[K’ at end of input
[01m[K/home/nim/bebop_ws/src/bebop_autonomy/bebop_control/src/bebop_control.cpp:51:3:[m[K [01;31m[Kerror: [m[Kexpected ‘[01m[K}[m[K’ at end of input
make[2]: *** [CMakeFiles/bebop_control_test.dir/src/bebop_control.cpp.o] Error 1
make[1]: *** [CMakeFiles/bebop_control_test.dir/all] Error 2
make: *** [all] Error 2
