[01m[K/home/nim/bebop_ws/src/bebop_autonomy/bebop_control/src/bebop_control.cpp:79:22:[m[K [01;31m[Kerror: [m[K‘[01m[Kbebop_msgs[m[K’ does not name a type
 void drone_GPS(const bebop_msgs/Ardrone3PilotingStatePositionChanged::ConstPtr &GPS){
[01;32m[K                      ^[m[K
[01m[K/home/nim/bebop_ws/src/bebop_autonomy/bebop_control/src/bebop_control.cpp:79:32:[m[K [01;31m[Kerror: [m[Kexpected ‘[01m[K,[m[K’ or ‘[01m[K...[m[K’ before ‘[01m[K/[m[K’ token
 void drone_GPS(const bebop_msgs/Ardrone3PilotingStatePositionChanged::ConstPtr &GPS){
[01;32m[K                                ^[m[K
In file included from [01m[K/opt/ros/kinetic/include/ros/ros.h:40:0[m[K,
                 from [01m[K/home/nim/bebop_ws/src/bebop_autonomy/bebop_control/src/bebop_control.cpp:1[m[K:
[01m[K/home/nim/bebop_ws/src/bebop_autonomy/bebop_control/src/bebop_control.cpp:[m[K In function ‘[01m[Kvoid drone_GPS(int)[m[K’:
[01m[K/home/nim/bebop_ws/src/bebop_autonomy/bebop_control/src/bebop_control.cpp:80:74:[m[K [01;31m[Kerror: [m[K‘[01m[KGPS[m[K’ was not declared in this scope
  ROS_INFO("[drone_GPS] latitude : %lf, longitude : %lf, altitude : %lf", GPS->latitude, GPS->longitude, GPS->altitude);
[01;32m[K                                                                          ^[m[K
[01m[K/opt/ros/kinetic/include/ros/console.h:346:165:[m[K [01;36m[Knote: [m[Kin definition of macro ‘[01m[KROSCONSOLE_PRINT_AT_LOCATION_WITH_FILTER[m[K’
     ::ros::console::print(filter, __rosconsole_define_location__loc.logger_, __rosconsole_define_location__loc.level_, __FILE__, __LINE__, __ROSCONSOLE_FUNCTION__, __VA_ARGS__)
[01;32m[K                                                                                                                                                                     ^[m[K
[01m[K/opt/ros/kinetic/include/ros/console.h:379:7:[m[K [01;36m[Knote: [m[Kin expansion of macro ‘[01m[KROSCONSOLE_PRINT_AT_LOCATION[m[K’
       ROSCONSOLE_PRINT_AT_LOCATION(__VA_ARGS__); \
[01;32m[K       ^[m[K
[01m[K/opt/ros/kinetic/include/ros/console.h:561:35:[m[K [01;36m[Knote: [m[Kin expansion of macro ‘[01m[KROS_LOG_COND[m[K’
 #define ROS_LOG(level, name, ...) ROS_LOG_COND(true, level, name, __VA_ARGS__)
[01;32m[K                                   ^[m[K
[01m[K/opt/ros/kinetic/include/rosconsole/macros_generated.h:110:23:[m[K [01;36m[Knote: [m[Kin expansion of macro ‘[01m[KROS_LOG[m[K’
 #define ROS_INFO(...) ROS_LOG(::ros::console::levels::Info, ROSCONSOLE_DEFAULT_NAME, __VA_ARGS__)
[01;32m[K                       ^[m[K
[01m[K/home/nim/bebop_ws/src/bebop_autonomy/bebop_control/src/bebop_control.cpp:80:2:[m[K [01;36m[Knote: [m[Kin expansion of macro ‘[01m[KROS_INFO[m[K’
  ROS_INFO("[drone_GPS] latitude : %lf, longitude : %lf, altitude : %lf", GPS->latitude, GPS->longitude, GPS->altitude);
[01;32m[K  ^[m[K
[01m[K/home/nim/bebop_ws/src/bebop_autonomy/bebop_control/src/bebop_control.cpp:82:30:[m[K [01;31m[Kerror: [m[K‘[01m[KGPS[m[K’ was not declared in this scope
  current_position.latitude = GPS->latitude;
[01;32m[K                              ^[m[K
make[2]: *** [CMakeFiles/bebop_control_test.dir/src/bebop_control.cpp.o] Error 1
make[1]: *** [CMakeFiles/bebop_control_test.dir/all] Error 2
make: *** [all] Error 2
