[  0%] Built target sensor_msgs_generate_messages_py
[  0%] Built target roscpp_generate_messages_eus
[  0%] Built target sensor_msgs_generate_messages_lisp
[  0%] Built target sensor_msgs_generate_messages_eus
[  0%] Built target sensor_msgs_generate_messages_cpp
[  0%] Built target rosgraph_msgs_generate_messages_nodejs
[  0%] Built target rosgraph_msgs_generate_messages_eus
[  0%] Built target roscpp_generate_messages_py
[  0%] Built target bebop_msgs_generate_messages_py
[  0%] Built target bebop_msgs_generate_messages_nodejs
[  0%] Built target rosgraph_msgs_generate_messages_cpp
[  0%] Built target std_msgs_generate_messages_cpp
[  0%] Built target sensor_msgs_generate_messages_nodejs
[  0%] Built target geometry_msgs_generate_messages_cpp
[  0%] Built target bebop_msgs_generate_messages_eus
[  0%] Built target bebop_msgs_generate_messages_lisp
[  0%] Built target geometry_msgs_generate_messages_py
[  0%] Built target rosgraph_msgs_generate_messages_lisp
[  0%] Built target rosgraph_msgs_generate_messages_py
[  0%] Built target roscpp_generate_messages_nodejs
[  0%] Built target std_msgs_generate_messages_nodejs
[  0%] Built target roscpp_generate_messages_lisp
[  0%] Built target std_msgs_generate_messages_eus
[  0%] Built target std_msgs_generate_messages_py
[  0%] Built target roscpp_generate_messages_cpp
[  0%] Built target geometry_msgs_generate_messages_eus
[  0%] Built target geometry_msgs_generate_messages_lisp
[  0%] Built target std_msgs_generate_messages_lisp
[  0%] Built target bebop_msgs_generate_messages_cpp
[  0%] Built target geometry_msgs_generate_messages_nodejs
[ 50%] [32mBuilding CXX object CMakeFiles/bebop_control_test.dir/src/bebop_control.cpp.o[0m
[01m[K/home/nim/bebop_ws/src/bebop_autonomy/bebop_control/src/bebop_control.cpp:79:22:[m[K [01;31m[Kerror: [m[K‘[01m[Kbebop_msgs[m[K’ does not name a type
 void drone_GPS(const bebop_msgs::Ardrone3PilotingStatePositionChanged::ConstPtr &GPS){
[01;32m[K                      ^[m[K
[01m[K/home/nim/bebop_ws/src/bebop_autonomy/bebop_control/src/bebop_control.cpp:79:70:[m[K [01;31m[Kerror: [m[Kexpected unqualified-id before ‘[01m[K::[m[K’ token
 void drone_GPS(const bebop_msgs::Ardrone3PilotingStatePositionChanged::ConstPtr &GPS){
[01;32m[K                                                                      ^[m[K
[01m[K/home/nim/bebop_ws/src/bebop_autonomy/bebop_control/src/bebop_control.cpp:79:70:[m[K [01;31m[Kerror: [m[Kexpected ‘[01m[K)[m[K’ before ‘[01m[K::[m[K’ token
[01m[K/home/nim/bebop_ws/src/bebop_autonomy/bebop_control/src/bebop_control.cpp:79:70:[m[K [01;31m[Kerror: [m[Kexpected initializer before ‘[01m[K::[m[K’ token
CMakeFiles/bebop_control_test.dir/build.make:62: recipe for target 'CMakeFiles/bebop_control_test.dir/src/bebop_control.cpp.o' failed
make[2]: *** [CMakeFiles/bebop_control_test.dir/src/bebop_control.cpp.o] Error 1
CMakeFiles/Makefile2:1088: recipe for target 'CMakeFiles/bebop_control_test.dir/all' failed
make[1]: *** [CMakeFiles/bebop_control_test.dir/all] Error 2
Makefile:138: recipe for target 'all' failed
make: *** [all] Error 2
