[01m[K/home/nim/bebop_ws/src/bebop_autonomy/bebop_control/src/bebop_control.cpp:[m[K In function ‘[01m[Kint main(int, char**)[m[K’:
[01m[K/home/nim/bebop_ws/src/bebop_autonomy/bebop_control/src/bebop_control.cpp:47:8:[m[K [01;31m[Kerror: [m[Krequest for member ‘[01m[Ksleep[m[K’ in ‘[01m[Ktime[m[K’, which is of non-class type ‘[01m[Kros::Duration()[m[K’
   time.sleep(3000); // time check
[01;32m[K        ^[m[K
[01m[K/home/nim/bebop_ws/src/bebop_autonomy/bebop_control/src/bebop_control.cpp:50:8:[m[K [01;31m[Kerror: [m[Krequest for member ‘[01m[Ksleep[m[K’ in ‘[01m[Ktime[m[K’, which is of non-class type ‘[01m[Kros::Duration()[m[K’
   time.sleep(10000);
[01;32m[K        ^[m[K
[01m[K/home/nim/bebop_ws/src/bebop_autonomy/bebop_control/src/bebop_control.cpp:53:8:[m[K [01;31m[Kerror: [m[Krequest for member ‘[01m[Ksleep[m[K’ in ‘[01m[Ktime[m[K’, which is of non-class type ‘[01m[Kros::Duration()[m[K’
   time.sleep(10000);
[01;32m[K        ^[m[K
[01m[K/home/nim/bebop_ws/src/bebop_autonomy/bebop_control/src/bebop_control.cpp:56:8:[m[K [01;31m[Kerror: [m[Krequest for member ‘[01m[Ksleep[m[K’ in ‘[01m[Ktime[m[K’, which is of non-class type ‘[01m[Kros::Duration()[m[K’
   time.sleep(3000);
[01;32m[K        ^[m[K
In file included from [01m[K/opt/ros/kinetic/include/ros/ros.h:40:0[m[K,
                 from [01m[K/home/nim/bebop_ws/src/bebop_autonomy/bebop_control/src/bebop_control.cpp:1[m[K:
[01m[K/home/nim/bebop_ws/src/bebop_autonomy/bebop_control/src/bebop_control.cpp:[m[K In function ‘[01m[Kvoid homeGPS(const ConstPtr&)[m[K’:
[01m[K/home/nim/bebop_ws/src/bebop_autonomy/bebop_control/src/bebop_control.cpp:73:82:[m[K [01;31m[Kerror: [m[Kbase operand of ‘[01m[K->[m[K’ has non-pointer type ‘[01m[Ksensor_msgs::NavSatFix {aka sensor_msgs::NavSatFix_<std::allocator<void> >}[m[K’
  ROS_INFO("<home> latitude : %lf, longitude : %lf, altitude : %lf", home_position->latitude, home_position->longitude, home_position->altitude);
[01;32m[K                                                                                  ^[m[K
[01m[K/opt/ros/kinetic/include/ros/console.h:346:165:[m[K [01;36m[Knote: [m[Kin definition of macro ‘[01m[KROSCONSOLE_PRINT_AT_LOCATION_WITH_FILTER[m[K’
     ::ros::console::print(filter, __rosconsole_define_location__loc.logger_, __rosconsole_define_location__loc.level_, __FILE__, __LINE__, __ROSCONSOLE_FUNCTION__, __VA_ARGS__)
[01;32m[K                                                                                                                                                                     ^[m[K
[01m[K/opt/ros/kinetic/include/ros/console.h:379:7:[m[K [01;36m[Knote: [m[Kin expansion of macro ‘[01m[KROSCONSOLE_PRINT_AT_LOCATION[m[K’
       ROSCONSOLE_PRINT_AT_LOCATION(__VA_ARGS__); \
[01;32m[K       ^[m[K
[01m[K/opt/ros/kinetic/include/ros/console.h:561:35:[m[K [01;36m[Knote: [m[Kin expansion of macro ‘[01m[KROS_LOG_COND[m[K’
 #define ROS_LOG(level, name, ...) ROS_LOG_COND(true, level, name, __VA_ARGS__)
[01;32m[K                                   ^[m[K
[01m[K/opt/ros/kinetic/include/rosconsole/macros_generated.h:110:23:[m[K [01;36m[Knote: [m[Kin expansion of macro ‘[01m[KROS_LOG[m[K’
 #define ROS_INFO(...) ROS_LOG(::ros::console::levels::Info, ROSCONSOLE_DEFAULT_NAME, __VA_ARGS__)
[01;32m[K                       ^[m[K
[01m[K/home/nim/bebop_ws/src/bebop_autonomy/bebop_control/src/bebop_control.cpp:73:2:[m[K [01;36m[Knote: [m[Kin expansion of macro ‘[01m[KROS_INFO[m[K’
  ROS_INFO("<home> latitude : %lf, longitude : %lf, altitude : %lf", home_position->latitude, home_position->longitude, home_position->altitude);
[01;32m[K  ^[m[K
[01m[K/home/nim/bebop_ws/src/bebop_autonomy/bebop_control/src/bebop_control.cpp:73:107:[m[K [01;31m[Kerror: [m[Kbase operand of ‘[01m[K->[m[K’ has non-pointer type ‘[01m[Ksensor_msgs::NavSatFix {aka sensor_msgs::NavSatFix_<std::allocator<void> >}[m[K’
  ROS_INFO("<home> latitude : %lf, longitude : %lf, altitude : %lf", home_position->latitude, home_position->longitude, home_position->altitude);
[01;32m[K                                                                                                           ^[m[K
[01m[K/opt/ros/kinetic/include/ros/console.h:346:165:[m[K [01;36m[Knote: [m[Kin definition of macro ‘[01m[KROSCONSOLE_PRINT_AT_LOCATION_WITH_FILTER[m[K’
     ::ros::console::print(filter, __rosconsole_define_location__loc.logger_, __rosconsole_define_location__loc.level_, __FILE__, __LINE__, __ROSCONSOLE_FUNCTION__, __VA_ARGS__)
[01;32m[K                                                                                                                                                                     ^[m[K
[01m[K/opt/ros/kinetic/include/ros/console.h:379:7:[m[K [01;36m[Knote: [m[Kin expansion of macro ‘[01m[KROSCONSOLE_PRINT_AT_LOCATION[m[K’
       ROSCONSOLE_PRINT_AT_LOCATION(__VA_ARGS__); \
[01;32m[K       ^[m[K
[01m[K/opt/ros/kinetic/include/ros/console.h:561:35:[m[K [01;36m[Knote: [m[Kin expansion of macro ‘[01m[KROS_LOG_COND[m[K’
 #define ROS_LOG(level, name, ...) ROS_LOG_COND(true, level, name, __VA_ARGS__)
[01;32m[K                                   ^[m[K
[01m[K/opt/ros/kinetic/include/rosconsole/macros_generated.h:110:23:[m[K [01;36m[Knote: [m[Kin expansion of macro ‘[01m[KROS_LOG[m[K’
 #define ROS_INFO(...) ROS_LOG(::ros::console::levels::Info, ROSCONSOLE_DEFAULT_NAME, __VA_ARGS__)
[01;32m[K                       ^[m[K
[01m[K/home/nim/bebop_ws/src/bebop_autonomy/bebop_control/src/bebop_control.cpp:73:2:[m[K [01;36m[Knote: [m[Kin expansion of macro ‘[01m[KROS_INFO[m[K’
  ROS_INFO("<home> latitude : %lf, longitude : %lf, altitude : %lf", home_position->latitude, home_position->longitude, home_position->altitude);
[01;32m[K  ^[m[K
[01m[K/home/nim/bebop_ws/src/bebop_autonomy/bebop_control/src/bebop_control.cpp:73:133:[m[K [01;31m[Kerror: [m[Kbase operand of ‘[01m[K->[m[K’ has non-pointer type ‘[01m[Ksensor_msgs::NavSatFix {aka sensor_msgs::NavSatFix_<std::allocator<void> >}[m[K’
  ROS_INFO("<home> latitude : %lf, longitude : %lf, altitude : %lf", home_position->latitude, home_position->longitude, home_position->altitude);
[01;32m[K                                                                                                                                     ^[m[K
[01m[K/opt/ros/kinetic/include/ros/console.h:346:165:[m[K [01;36m[Knote: [m[Kin definition of macro ‘[01m[KROSCONSOLE_PRINT_AT_LOCATION_WITH_FILTER[m[K’
     ::ros::console::print(filter, __rosconsole_define_location__loc.logger_, __rosconsole_define_location__loc.level_, __FILE__, __LINE__, __ROSCONSOLE_FUNCTION__, __VA_ARGS__)
[01;32m[K                                                                                                                                                                     ^[m[K
[01m[K/opt/ros/kinetic/include/ros/console.h:379:7:[m[K [01;36m[Knote: [m[Kin expansion of macro ‘[01m[KROSCONSOLE_PRINT_AT_LOCATION[m[K’
       ROSCONSOLE_PRINT_AT_LOCATION(__VA_ARGS__); \
[01;32m[K       ^[m[K
[01m[K/opt/ros/kinetic/include/ros/console.h:561:35:[m[K [01;36m[Knote: [m[Kin expansion of macro ‘[01m[KROS_LOG_COND[m[K’
 #define ROS_LOG(level, name, ...) ROS_LOG_COND(true, level, name, __VA_ARGS__)
[01;32m[K                                   ^[m[K
[01m[K/opt/ros/kinetic/include/rosconsole/macros_generated.h:110:23:[m[K [01;36m[Knote: [m[Kin expansion of macro ‘[01m[KROS_LOG[m[K’
 #define ROS_INFO(...) ROS_LOG(::ros::console::levels::Info, ROSCONSOLE_DEFAULT_NAME, __VA_ARGS__)
[01;32m[K                       ^[m[K
[01m[K/home/nim/bebop_ws/src/bebop_autonomy/bebop_control/src/bebop_control.cpp:73:2:[m[K [01;36m[Knote: [m[Kin expansion of macro ‘[01m[KROS_INFO[m[K’
  ROS_INFO("<home> latitude : %lf, longitude : %lf, altitude : %lf", home_position->latitude, home_position->longitude, home_position->altitude);
[01;32m[K  ^[m[K
make[2]: *** [CMakeFiles/bebop_control_test.dir/src/bebop_control.cpp.o] Error 1
make[1]: *** [CMakeFiles/bebop_control_test.dir/all] Error 2
make: *** [all] Error 2
