[36m--[0m Using CATKIN_DEVEL_PREFIX: /home/nim/bebop_ws/devel/.private/bebop_control
[36m--[0m Using CMAKE_PREFIX_PATH: /home/nim/bebop_ws/devel;/home/nim/catkin_ws/devel;/opt/ros/kinetic
[36m--[0m This workspace overlays: /home/nim/bebop_ws/devel;/home/nim/catkin_ws/devel;/opt/ros/kinetic
[36m--[0m Using PYTHON_EXECUTABLE: /usr/bin/python
[36m--[0m Using Debian Python package layout
[36m--[0m Using empy: /usr/bin/empy
[36m--[0m Using CATKIN_ENABLE_TESTING: ON
[36m--[0m Call enable_testing()
[36m--[0m Using CATKIN_TEST_RESULTS_DIR: /home/nim/bebop_ws/build/bebop_control/test_results
[36m--[0m Found gmock sources under '/usr/src/gmock': gmock will be built
[36m--[0m Found gtest sources under '/usr/src/gmock': gtests will be built
[36m--[0m Using Python nosetests: /usr/bin/nosetests-2.7
[36m--[0m catkin 0.7.18
[36m--[0m BUILD_SHARED_LIBS is on
[36m--[0m Using these message generators: gencpp;geneus;genlisp;gennodejs;genpy
[31m[1mCMake Error[0m at /opt/ros/kinetic/share/catkin/cmake/assert.cmake:20 (message):


  Assertion failed: file
  '/home/nim/bebop_ws/src/bebop_autonomy/bebop_control/msg/Ardrone3PilotingStateAttitudeChanged.msg'
  does not exist.  Message: message file not found

[36mCall Stack (most recent call first):[0m
  /opt/ros/kinetic/share/genmsg/cmake/genmsg-extras.cmake:113 (assert_file_exists)
  CMakeLists.txt:54 (add_message_files)


[36m--[0m Configuring incomplete, errors occurred!
See also "/home/nim/bebop_ws/build/bebop_control/CMakeFiles/CMakeOutput.log".
See also "/home/nim/bebop_ws/build/bebop_control/CMakeFiles/CMakeError.log".
Makefile:782: recipe for target 'cmake_check_build_system' failed
make: *** [cmake_check_build_system] Error 1
