In file included from [01m[K/opt/ros/kinetic/include/ros/serialization.h:37:0[m[K,
                 from [01m[K/opt/ros/kinetic/include/ros/publisher.h:34[m[K,
                 from [01m[K/opt/ros/kinetic/include/ros/node_handle.h:32[m[K,
                 from [01m[K/opt/ros/kinetic/include/ros/ros.h:45[m[K,
                 from [01m[K/home/nim/bebop_ws/src/bebop_autonomy/bebop_control/src/bebop_control.cpp:1[m[K:
/opt/ros/kinetic/include/ros/message_traits.h: In instantiation of ‘[01m[Kstatic const char* ros::message_traits::MD5Sum<M>::value() [with M = boost::shared_ptr<const sensor_msgs::NavSatFix_<std::allocator<void> > >][m[K’:
[01m[K/opt/ros/kinetic/include/ros/message_traits.h:228:102:[m[K   required from ‘[01m[Kconst char* ros::message_traits::md5sum() [with M = boost::shared_ptr<const sensor_msgs::NavSatFix_<std::allocator<void> > >][m[K’
[01m[K/opt/ros/kinetic/include/ros/subscribe_options.h:89:49:[m[K   required from ‘[01m[Kvoid ros::SubscribeOptions::initByFullCallbackType(const string&, uint32_t, const boost::function<void(P)>&, const boost::function<boost::shared_ptr<typename ros::ParameterAdapter<P>::Message>()>&) [with P = boost::shared_ptr<const sensor_msgs::NavSatFix_<std::allocator<void> > >&; std::__cxx11::string = std::__cxx11::basic_string<char>; uint32_t = unsigned int; typename ros::ParameterAdapter<P>::Message = boost::shared_ptr<const sensor_msgs::NavSatFix_<std::allocator<void> > >][m[K’
[01m[K/opt/ros/kinetic/include/ros/node_handle.h:659:5:[m[K   required from ‘[01m[Kros::Subscriber ros::NodeHandle::subscribe(const string&, uint32_t, void (*)(M), const ros::TransportHints&) [with M = boost::shared_ptr<const sensor_msgs::NavSatFix_<std::allocator<void> > >&; std::__cxx11::string = std::__cxx11::basic_string<char>; uint32_t = unsigned int][m[K’
[01m[K/home/nim/bebop_ws/src/bebop_autonomy/bebop_control/src/bebop_control.cpp:26:64:[m[K   required from here
[01m[K/opt/ros/kinetic/include/ros/message_traits.h:121:28:[m[K [01;31m[Kerror: [m[K‘[01m[K__s_getMD5Sum[m[K’ is not a member of ‘[01m[Kboost::shared_ptr<const sensor_msgs::NavSatFix_<std::allocator<void> > >[m[K’
     return M::__s_getMD5Sum().c_str();
[01;32m[K                            ^[m[K
/opt/ros/kinetic/include/ros/message_traits.h: In instantiation of ‘[01m[Kstatic const char* ros::message_traits::DataType<M>::value() [with M = boost::shared_ptr<const sensor_msgs::NavSatFix_<std::allocator<void> > >][m[K’:
[01m[K/opt/ros/kinetic/include/ros/message_traits.h:237:104:[m[K   required from ‘[01m[Kconst char* ros::message_traits::datatype() [with M = boost::shared_ptr<const sensor_msgs::NavSatFix_<std::allocator<void> > >][m[K’
[01m[K/opt/ros/kinetic/include/ros/subscribe_options.h:90:53:[m[K   required from ‘[01m[Kvoid ros::SubscribeOptions::initByFullCallbackType(const string&, uint32_t, const boost::function<void(P)>&, const boost::function<boost::shared_ptr<typename ros::ParameterAdapter<P>::Message>()>&) [with P = boost::shared_ptr<const sensor_msgs::NavSatFix_<std::allocator<void> > >&; std::__cxx11::string = std::__cxx11::basic_string<char>; uint32_t = unsigned int; typename ros::ParameterAdapter<P>::Message = boost::shared_ptr<const sensor_msgs::NavSatFix_<std::allocator<void> > >][m[K’
[01m[K/opt/ros/kinetic/include/ros/node_handle.h:659:5:[m[K   required from ‘[01m[Kros::Subscriber ros::NodeHandle::subscribe(const string&, uint32_t, void (*)(M), const ros::TransportHints&) [with M = boost::shared_ptr<const sensor_msgs::NavSatFix_<std::allocator<void> > >&; std::__cxx11::string = std::__cxx11::basic_string<char>; uint32_t = unsigned int][m[K’
[01m[K/home/nim/bebop_ws/src/bebop_autonomy/bebop_control/src/bebop_control.cpp:26:64:[m[K   required from here
[01m[K/opt/ros/kinetic/include/ros/message_traits.h:138:30:[m[K [01;31m[Kerror: [m[K‘[01m[K__s_getDataType[m[K’ is not a member of ‘[01m[Kboost::shared_ptr<const sensor_msgs::NavSatFix_<std::allocator<void> > >[m[K’
     return M::__s_getDataType().c_str();
[01;32m[K                              ^[m[K
In file included from [01m[K/opt/ros/kinetic/include/ros/subscription_callback_helper.h:35:0[m[K,
                 from [01m[K/opt/ros/kinetic/include/ros/subscriber.h:33[m[K,
                 from [01m[K/opt/ros/kinetic/include/ros/node_handle.h:33[m[K,
                 from [01m[K/opt/ros/kinetic/include/ros/ros.h:45[m[K,
                 from [01m[K/home/nim/bebop_ws/src/bebop_autonomy/bebop_control/src/bebop_control.cpp:1[m[K:
/opt/ros/kinetic/include/ros/parameter_adapter.h: In instantiation of ‘[01m[Kstatic ros::ParameterAdapter<M>::Parameter ros::ParameterAdapter<M>::getParameter(const Event&) [with M = boost::shared_ptr<const sensor_msgs::NavSatFix_<std::allocator<void> > >&; ros::ParameterAdapter<M>::Parameter = boost::shared_ptr<const sensor_msgs::NavSatFix_<std::allocator<void> > >&; ros::ParameterAdapter<M>::Event = ros::MessageEvent<const boost::shared_ptr<const sensor_msgs::NavSatFix_<std::allocator<void> > > >; typename boost::remove_reference<typename boost::remove_const<M>::type>::type = boost::shared_ptr<const sensor_msgs::NavSatFix_<std::allocator<void> > >][m[K’:
[01m[K/opt/ros/kinetic/include/ros/subscription_callback_helper.h:144:48:[m[K   required from ‘[01m[Kvoid ros::SubscriptionCallbackHelperT<P, Enabled>::call(ros::SubscriptionCallbackHelperCallParams&) [with P = boost::shared_ptr<const sensor_msgs::NavSatFix_<std::allocator<void> > >&; Enabled = void][m[K’
[01m[K/home/nim/bebop_ws/src/bebop_autonomy/bebop_control/src/bebop_control.cpp:41:1:[m[K   required from here
[01m[K/opt/ros/kinetic/include/ros/parameter_adapter.h:78:30:[m[K [01;31m[Kerror: [m[Kbinding ‘[01m[Kconst boost::shared_ptr<const sensor_msgs::NavSatFix_<std::allocator<void> > >[m[K’ to reference of type ‘[01m[Kros::ParameterAdapter<boost::shared_ptr<const sensor_msgs::NavSatFix_<std::allocator<void> > >&>::Parameter {aka boost::shared_ptr<const sensor_msgs::NavSatFix_<std::allocator<void> > >&}[m[K’ discards qualifiers
     return *event.getMessage();
[01;32m[K                              ^[m[K
In file included from [01m[K/opt/ros/kinetic/include/ros/publisher.h:34:0[m[K,
                 from [01m[K/opt/ros/kinetic/include/ros/node_handle.h:32[m[K,
                 from [01m[K/opt/ros/kinetic/include/ros/ros.h:45[m[K,
                 from [01m[K/home/nim/bebop_ws/src/bebop_autonomy/bebop_control/src/bebop_control.cpp:1[m[K:
/opt/ros/kinetic/include/ros/serialization.h: In instantiation of ‘[01m[Kstatic void ros::serialization::Serializer<T>::read(Stream&, typename boost::call_traits<T>::reference) [with Stream = ros::serialization::IStream; T = boost::shared_ptr<const sensor_msgs::NavSatFix_<std::allocator<void> > >; typename boost::call_traits<T>::reference = boost::shared_ptr<const sensor_msgs::NavSatFix_<std::allocator<void> > >&][m[K’:
[01m[K/opt/ros/kinetic/include/ros/serialization.h:163:22:[m[K   required from ‘[01m[Kvoid ros::serialization::deserialize(Stream&, T&) [with T = boost::shared_ptr<const sensor_msgs::NavSatFix_<std::allocator<void> > >; Stream = ros::serialization::IStream][m[K’
[01m[K/opt/ros/kinetic/include/ros/subscription_callback_helper.h:136:21:[m[K   required from ‘[01m[Kros::VoidConstPtr ros::SubscriptionCallbackHelperT<P, Enabled>::deserialize(const ros::SubscriptionCallbackHelperDeserializeParams&) [with P = boost::shared_ptr<const sensor_msgs::NavSatFix_<std::allocator<void> > >&; Enabled = void; ros::VoidConstPtr = boost::shared_ptr<const void>][m[K’
[01m[K/home/nim/bebop_ws/src/bebop_autonomy/bebop_control/src/bebop_control.cpp:41:1:[m[K   required from here
[01m[K/opt/ros/kinetic/include/ros/serialization.h:136:5:[m[K [01;31m[Kerror: [m[K‘[01m[Kclass boost::shared_ptr<const sensor_msgs::NavSatFix_<std::allocator<void> > >[m[K’ has no member named ‘[01m[Kdeserialize[m[K’
     t.deserialize(stream.getData());
[01;32m[K     ^[m[K
make[2]: *** [CMakeFiles/bebop_control_test.dir/src/bebop_control.cpp.o] Error 1
make[1]: *** [CMakeFiles/bebop_control_test.dir/all] Error 2
make: *** [all] Error 2
