Determining if the pthread_create exist failed with the following output:
Change Dir: /home/nim/bebop_ws/build/bebop_tools/CMakeFiles/CMakeTmp

Run Build Command:"/usr/bin/make" "cmTC_deca7/fast"
/usr/bin/make -f CMakeFiles/cmTC_deca7.dir/build.make CMakeFiles/cmTC_deca7.dir/build
make[1]: Entering directory '/home/nim/bebop_ws/build/bebop_tools/CMakeFiles/CMakeTmp'
Building C object CMakeFiles/cmTC_deca7.dir/CheckSymbolExists.c.o
/usr/bin/cc     -o CMakeFiles/cmTC_deca7.dir/CheckSymbolExists.c.o   -c /home/nim/bebop_ws/build/bebop_tools/CMakeFiles/CMakeTmp/CheckSymbolExists.c
Linking C executable cmTC_deca7
/usr/bin/cmake -E cmake_link_script CMakeFiles/cmTC_deca7.dir/link.txt --verbose=1
/usr/bin/cc       CMakeFiles/cmTC_deca7.dir/CheckSymbolExists.c.o  -o cmTC_deca7 -rdynamic 
CMakeFiles/cmTC_deca7.dir/CheckSymbolExists.c.o: In function `main':
CheckSymbolExists.c:(.text+0x16): undefined reference to `pthread_create'
collect2: error: ld returned 1 exit status
CMakeFiles/cmTC_deca7.dir/build.make:97: recipe for target 'cmTC_deca7' failed
make[1]: *** [cmTC_deca7] Error 1
make[1]: Leaving directory '/home/nim/bebop_ws/build/bebop_tools/CMakeFiles/CMakeTmp'
Makefile:126: recipe for target 'cmTC_deca7/fast' failed
make: *** [cmTC_deca7/fast] Error 2

File /home/nim/bebop_ws/build/bebop_tools/CMakeFiles/CMakeTmp/CheckSymbolExists.c:
/* */
#include <pthread.h>

int main(int argc, char** argv)
{
  (void)argv;
#ifndef pthread_create
  return ((int*)(&pthread_create))[argc];
#else
  (void)argc;
  return 0;
#endif
}

Determining if the function pthread_create exists in the pthreads failed with the following output:
Change Dir: /home/nim/bebop_ws/build/bebop_tools/CMakeFiles/CMakeTmp

Run Build Command:"/usr/bin/make" "cmTC_b35b2/fast"
/usr/bin/make -f CMakeFiles/cmTC_b35b2.dir/build.make CMakeFiles/cmTC_b35b2.dir/build
make[1]: Entering directory '/home/nim/bebop_ws/build/bebop_tools/CMakeFiles/CMakeTmp'
Building C object CMakeFiles/cmTC_b35b2.dir/CheckFunctionExists.c.o
/usr/bin/cc    -DCHECK_FUNCTION_EXISTS=pthread_create   -o CMakeFiles/cmTC_b35b2.dir/CheckFunctionExists.c.o   -c /usr/share/cmake-3.5/Modules/CheckFunctionExists.c
Linking C executable cmTC_b35b2
/usr/bin/cmake -E cmake_link_script CMakeFiles/cmTC_b35b2.dir/link.txt --verbose=1
/usr/bin/cc   -DCHECK_FUNCTION_EXISTS=pthread_create    CMakeFiles/cmTC_b35b2.dir/CheckFunctionExists.c.o  -o cmTC_b35b2 -rdynamic -lpthreads 
/usr/bin/ld: cannot find -lpthreads
collect2: error: ld returned 1 exit status
CMakeFiles/cmTC_b35b2.dir/build.make:97: recipe for target 'cmTC_b35b2' failed
make[1]: *** [cmTC_b35b2] Error 1
make[1]: Leaving directory '/home/nim/bebop_ws/build/bebop_tools/CMakeFiles/CMakeTmp'
Makefile:126: recipe for target 'cmTC_b35b2/fast' failed
make: *** [cmTC_b35b2/fast] Error 2


