Determining if the pthread_create exist failed with the following output:
Change Dir: /home/nim/bebop_ws/build/bebop_driver/CMakeFiles/CMakeTmp

Run Build Command:"/usr/bin/make" "cmTC_49f1b/fast"
/usr/bin/make -f CMakeFiles/cmTC_49f1b.dir/build.make CMakeFiles/cmTC_49f1b.dir/build
make[1]: Entering directory '/home/nim/bebop_ws/build/bebop_driver/CMakeFiles/CMakeTmp'
Building C object CMakeFiles/cmTC_49f1b.dir/CheckSymbolExists.c.o
/usr/bin/cc     -o CMakeFiles/cmTC_49f1b.dir/CheckSymbolExists.c.o   -c /home/nim/bebop_ws/build/bebop_driver/CMakeFiles/CMakeTmp/CheckSymbolExists.c
Linking C executable cmTC_49f1b
/usr/bin/cmake -E cmake_link_script CMakeFiles/cmTC_49f1b.dir/link.txt --verbose=1
/usr/bin/cc       CMakeFiles/cmTC_49f1b.dir/CheckSymbolExists.c.o  -o cmTC_49f1b -rdynamic 
CMakeFiles/cmTC_49f1b.dir/CheckSymbolExists.c.o: In function `main':
CheckSymbolExists.c:(.text+0x16): undefined reference to `pthread_create'
collect2: error: ld returned 1 exit status
CMakeFiles/cmTC_49f1b.dir/build.make:97: recipe for target 'cmTC_49f1b' failed
make[1]: *** [cmTC_49f1b] Error 1
make[1]: Leaving directory '/home/nim/bebop_ws/build/bebop_driver/CMakeFiles/CMakeTmp'
Makefile:126: recipe for target 'cmTC_49f1b/fast' failed
make: *** [cmTC_49f1b/fast] Error 2

File /home/nim/bebop_ws/build/bebop_driver/CMakeFiles/CMakeTmp/CheckSymbolExists.c:
/* */
#include <pthread.h>

int main(int argc, char** argv)
{
  (void)argv;
#ifndef pthread_create
  return ((int*)(&pthread_create))[argc];
#else
  (void)argc;
  return 0;
#endif
}

Determining if the function pthread_create exists in the pthreads failed with the following output:
Change Dir: /home/nim/bebop_ws/build/bebop_driver/CMakeFiles/CMakeTmp

Run Build Command:"/usr/bin/make" "cmTC_a773a/fast"
/usr/bin/make -f CMakeFiles/cmTC_a773a.dir/build.make CMakeFiles/cmTC_a773a.dir/build
make[1]: Entering directory '/home/nim/bebop_ws/build/bebop_driver/CMakeFiles/CMakeTmp'
Building C object CMakeFiles/cmTC_a773a.dir/CheckFunctionExists.c.o
/usr/bin/cc    -DCHECK_FUNCTION_EXISTS=pthread_create   -o CMakeFiles/cmTC_a773a.dir/CheckFunctionExists.c.o   -c /usr/share/cmake-3.5/Modules/CheckFunctionExists.c
Linking C executable cmTC_a773a
/usr/bin/cmake -E cmake_link_script CMakeFiles/cmTC_a773a.dir/link.txt --verbose=1
/usr/bin/cc   -DCHECK_FUNCTION_EXISTS=pthread_create    CMakeFiles/cmTC_a773a.dir/CheckFunctionExists.c.o  -o cmTC_a773a -rdynamic -lpthreads 
/usr/bin/ld: cannot find -lpthreads
collect2: error: ld returned 1 exit status
CMakeFiles/cmTC_a773a.dir/build.make:97: recipe for target 'cmTC_a773a' failed
make[1]: *** [cmTC_a773a] Error 1
make[1]: Leaving directory '/home/nim/bebop_ws/build/bebop_driver/CMakeFiles/CMakeTmp'
Makefile:126: recipe for target 'cmTC_a773a/fast' failed
make: *** [cmTC_a773a/fast] Error 2


