Determining if the pthread_create exist failed with the following output:
Change Dir: /home/nim/bebop_ws/build/bebop_msgs/CMakeFiles/CMakeTmp

Run Build Command:"/usr/bin/make" "cmTC_d854e/fast"
/usr/bin/make -f CMakeFiles/cmTC_d854e.dir/build.make CMakeFiles/cmTC_d854e.dir/build
make[1]: Entering directory '/home/nim/bebop_ws/build/bebop_msgs/CMakeFiles/CMakeTmp'
Building C object CMakeFiles/cmTC_d854e.dir/CheckSymbolExists.c.o
/usr/bin/cc     -o CMakeFiles/cmTC_d854e.dir/CheckSymbolExists.c.o   -c /home/nim/bebop_ws/build/bebop_msgs/CMakeFiles/CMakeTmp/CheckSymbolExists.c
Linking C executable cmTC_d854e
/usr/bin/cmake -E cmake_link_script CMakeFiles/cmTC_d854e.dir/link.txt --verbose=1
/usr/bin/cc       CMakeFiles/cmTC_d854e.dir/CheckSymbolExists.c.o  -o cmTC_d854e -rdynamic 
CMakeFiles/cmTC_d854e.dir/CheckSymbolExists.c.o: In function `main':
CheckSymbolExists.c:(.text+0x16): undefined reference to `pthread_create'
collect2: error: ld returned 1 exit status
CMakeFiles/cmTC_d854e.dir/build.make:97: recipe for target 'cmTC_d854e' failed
make[1]: *** [cmTC_d854e] Error 1
make[1]: Leaving directory '/home/nim/bebop_ws/build/bebop_msgs/CMakeFiles/CMakeTmp'
Makefile:126: recipe for target 'cmTC_d854e/fast' failed
make: *** [cmTC_d854e/fast] Error 2

File /home/nim/bebop_ws/build/bebop_msgs/CMakeFiles/CMakeTmp/CheckSymbolExists.c:
/* */
#include <pthread.h>

int main(int argc, char** argv)
{
  (void)argv;
#ifndef pthread_create
  return ((int*)(&pthread_create))[argc];
#else
  (void)argc;
  return 0;
#endif
}

Determining if the function pthread_create exists in the pthreads failed with the following output:
Change Dir: /home/nim/bebop_ws/build/bebop_msgs/CMakeFiles/CMakeTmp

Run Build Command:"/usr/bin/make" "cmTC_29264/fast"
/usr/bin/make -f CMakeFiles/cmTC_29264.dir/build.make CMakeFiles/cmTC_29264.dir/build
make[1]: Entering directory '/home/nim/bebop_ws/build/bebop_msgs/CMakeFiles/CMakeTmp'
Building C object CMakeFiles/cmTC_29264.dir/CheckFunctionExists.c.o
/usr/bin/cc    -DCHECK_FUNCTION_EXISTS=pthread_create   -o CMakeFiles/cmTC_29264.dir/CheckFunctionExists.c.o   -c /usr/share/cmake-3.5/Modules/CheckFunctionExists.c
Linking C executable cmTC_29264
/usr/bin/cmake -E cmake_link_script CMakeFiles/cmTC_29264.dir/link.txt --verbose=1
/usr/bin/cc   -DCHECK_FUNCTION_EXISTS=pthread_create    CMakeFiles/cmTC_29264.dir/CheckFunctionExists.c.o  -o cmTC_29264 -rdynamic -lpthreads 
/usr/bin/ld: cannot find -lpthreads
collect2: error: ld returned 1 exit status
CMakeFiles/cmTC_29264.dir/build.make:97: recipe for target 'cmTC_29264' failed
make[1]: *** [cmTC_29264] Error 1
make[1]: Leaving directory '/home/nim/bebop_ws/build/bebop_msgs/CMakeFiles/CMakeTmp'
Makefile:126: recipe for target 'cmTC_29264/fast' failed
make: *** [cmTC_29264/fast] Error 2


